<?xml version="1.0" encoding="UTF-8"?>
<testng-results ignored="0" total="1" passed="1" failed="0" skipped="0">
  <reporter-output>
  </reporter-output>
  <suite started-at="2020-03-26T17:31:12 CST" name="Default suite" finished-at="2020-03-26T17:31:12 CST" duration-ms="55">
    <groups>
    </groups>
    <test started-at="2020-03-26T17:31:12 CST" name="Default test" finished-at="2020-03-26T17:31:12 CST" duration-ms="55">
      <class name="com.test.utils.CsvProcess">
        <test-method signature="readCsv()[pri:0, instance:com.test.utils.CsvProcess@8e0379d]" started-at="2020-03-26T17:31:12 CST" name="readCsv" finished-at="2020-03-26T17:31:12 CST" duration-ms="15" status="PASS">
          <reporter-output>
          </reporter-output>
        </test-method> <!-- readCsv -->
      </class> <!-- com.test.utils.CsvProcess -->
    </test> <!-- Default test -->
  </suite> <!-- Default suite -->
</testng-results>
